#
# A fatal error has been detected by the Java Runtime Environment:
#
#  SIGSEGV (0xb) at pc=0x000000010e4183c4, pid=86285, tid=8971
#
# JRE version: Java(TM) SE Runtime Environment (7.0_55-b13) (build 1.7.0_55-b13)
# Java VM: Java HotSpot(TM) 64-Bit Server VM (24.55-b03 mixed mode bsd-amd64 compressed oops)
# Problematic frame:
# V  [libjvm.dylib+0x4183c4]  SR_handler(int, __siginfo*, __darwin_ucontext*)+0x30
#
# Failed to write core dump. Core dumps have been disabled. To enable core dumping, try "ulimit -c unlimited" before starting Java again
#
# If you would like to submit a bug report, please visit:
#   http://bugreport.sun.com/bugreport/crash.jsp
#

---------------  T H R E A D  ---------------

Current thread is native thread

siginfo:si_signo=SIGSEGV: si_errno=0, si_code=1 (SEGV_MAPERR), si_addr=0x0000000000000110

Registers:
RAX=0x0000000000000000, RBX=0x00007fff54714fa0, RCX=0x00007fff54714f38, RDX=0x00007fff54714fa0
RSP=0x00007fff54714ad0, RBP=0x00007fff54714b00, RSI=0x00007fff54714f38, RDI=0x0000000000000102
R8 =0x00007fff54714fa0, R9 =0x00000000ffffffff, R10=0x0000000000000c00, R11=0x0000000000000206
R12=0x0000000000000c00, R13=0x0000000000000000, R14=0x00007fff54714f38, R15=0x0000000000001407
RIP=0x000000010e4183c4, EFLAGS=0x0000000000010206, ERR=0x0000000000000004
  TRAPNO=0x000000000000000e

Top of Stack: (sp=0x00007fff54714ad0)
0x00007fff54714ad0:   00007fff00000002 00007fff54714fa0
0x00007fff54714ae0:   0000000000000c00 0000000000000000
0x00007fff54714af0:   00007fff54715190 0000000000001407
0x00007fff54714b00:   00007fff54714b10 00007fff925bf5aa
0x00007fff54714b10:   00007fff547150a0 00007fff983f5000
0x00007fff54714b20:   00007fff983f5a20 0000000054cbce6a
0x00007fff54714b30:   0100001f00000085 00007fff7cb3d1b0
0x00007fff54714b40:   0000000010004005 0000000007000006
0x00007fff54714b50:   00007fff54715058 0000000000000000
0x00007fff54714b60:   00007fff54715190 0000000007000006
0x00007fff54714b70:   00007fff547150a0 00007fff54715058
0x00007fff54714b80:   0000000000001407 00000000ffffffff
0x00007fff54714b90:   0000000000000c00 0000000000000206
0x00007fff54714ba0:   0000000000000c00 0000000000000000
0x00007fff54714bb0:   00007fff54715190 0000000000001407
0x00007fff54714bc0:   00007fff9672aa1a 0000000000000206
0x00007fff54714bd0:   0000000000000007 0000000000000000
0x00007fff54714be0:   0000000096030000 0000000000000000
0x00007fff54714bf0:   000000000000037f 0000000000000000
0x00007fff54714c00:   0000000000000000 0000ffff00001fa0
0x00007fff54714c10:   0000000000000000 000000000000ffff
0x00007fff54714c20:   0000000000000100 000000000000ffff
0x00007fff54714c30:   0000000000000000 0000000000000000
0x00007fff54714c40:   0000000000000015 000000000000ffff
0x00007fff54714c50:   00000000ffe39100 000000000000ffff
0x00007fff54714c60:   0000000000000000 0000000000000000
0x00007fff54714c70:   bb78000000000000 000000000000400b
0x00007fff54714c80:   fffffffe00000000 000000000000401d
0x00007fff54714c90:   41be185580000000 0000000000000000
0x00007fff54714ca0:   4415af1d78b58c40 0000000000000000
0x00007fff54714cb0:   c3de3f7c0c069247 439c083f3f96db8b
0x00007fff54714cc0:   0000000000000000 0000000000000000 

Instructions: (pc=0x000000010e4183c4)
0x000000010e4183a4:   08 48 89 d3 49 89 f6 e8 8a 03 12 00 8b 00 89 45
0x000000010e4183b4:   d0 48 8d 05 74 1c 35 00 48 63 38 e8 22 06 12 00
0x000000010e4183c4:   4c 8b b8 10 01 00 00 41 83 7f 34 01 0f 85 0a 01
0x000000010e4183d4:   00 00 4d 8d 67 34 49 89 5f 40 4d 89 77 38 48 8d 

Register to memory mapping:

RAX=0x0000000000000000 is an unknown value
RBX=0x00007fff54714fa0 is an unknown value
RCX=0x00007fff54714f38 is an unknown value
RDX=0x00007fff54714fa0 is an unknown value
RSP=0x00007fff54714ad0 is an unknown value
RBP=0x00007fff54714b00 is an unknown value
RSI=0x00007fff54714f38 is an unknown value
RDI=0x0000000000000102 is an unknown value
R8 =0x00007fff54714fa0 is an unknown value
R9 =0x00000000ffffffff is an unknown value
R10=0x0000000000000c00 is an unknown value
R11=0x0000000000000206 is an unknown value
R12=0x0000000000000c00 is an unknown value
R13=0x0000000000000000 is an unknown value
R14=0x00007fff54714f38 is an unknown value
R15=0x0000000000001407 is an unknown value


Stack: [0x00007fff54699000,0x00007fff54719000],  sp=0x00007fff54714ad0,  free space=494k
Native frames: (J=compiled Java code, j=interpreted, Vv=VM code, C=native code)
V  [libjvm.dylib+0x4183c4]  SR_handler(int, __siginfo*, __darwin_ucontext*)+0x30
C  [libsystem_platform.dylib+0x35aa]  _sigtramp+0x1a
C  [DesktopServicesPriv+0x0]  __dso_handle+0x0
C  [CoreFoundation+0x70f15]  __CFRunLoopServiceMachPort+0xb5
C  [CoreFoundation+0x70539]  __CFRunLoopRun+0x489
C  [CoreFoundation+0x6fe75]  CFRunLoopRunSpecific+0x135
C  [java+0x73b0]  CreateExecutionEnvironment+0x367
C  [java+0x1b5c]  JLI_Launch+0x7a0
C  [java+0x770d]  main+0x65
C  [java+0x13b4]  start+0x34


---------------  P R O C E S S  ---------------

VM state:not at safepoint (normal execution)

VM Mutex/Monitor currently owned by a thread: None

Heap
 par new generation   total 78656K, used 31058K [0x00000007bae00000, 0x00000007c0350000, 0x00000007d0350000)
  eden space 69952K,  31% used [0x00000007bae00000, 0x00000007bc3d4a08, 0x00000007bf250000)
  from space 8704K, 100% used [0x00000007bfad0000, 0x00000007c0350000, 0x00000007c0350000)
  to   space 8704K,   0% used [0x00000007bf250000, 0x00000007bf250000, 0x00000007bfad0000)
 concurrent mark-sweep generation total 174784K, used 21527K [0x00000007d0350000, 0x00000007dae00000, 0x00000007fae00000)
 concurrent-mark-sweep perm gen total 33728K, used 33618K [0x00000007fae00000, 0x00000007fcef0000, 0x0000000800000000)

Card table byte_map: [0x000000011242e000,0x0000000112658000] byte_map_base: 0x000000010e657000

Polling page: 0x000000010c267000

Code Cache  [0x000000010eb56000, 0x000000010edc6000, 0x0000000111b56000)
 total_blobs=788 nmethods=362 adapters=380 free_code_cache=47917Kb largest_free_block=49006336

Compilation events (10 events):
Event: 6.947 Thread 0x00007f884a014000  375             org.apache.log4j.Category::getEffectiveLevel (28 bytes)
Event: 6.947 Thread 0x00007f884a014000 nmethod 375 0x000000010ec10910 code [0x000000010ec10a40, 0x000000010ec10ad8]
Event: 8.551 Thread 0x00007f884a014800  376             sun.reflect.ClassFileAssembler::emitConstantPoolUTF8 (50 bytes)
Event: 8.551 Thread 0x00007f884a014000  377   !         sun.reflect.UTF8::encode (189 bytes)
Event: 8.564 Thread 0x00007f884a014000 nmethod 377 0x000000010ec1a950 code [0x000000010ec1aac0, 0x000000010ec1b2d8]
Event: 8.564 Thread 0x00007f884a014000  378             sun.reflect.UTF8::utf8Length (81 bytes)
Event: 8.566 Thread 0x00007f884a014000 nmethod 378 0x000000010ec10410 code [0x000000010ec10560, 0x000000010ec107b8]
Event: 8.567 Thread 0x00007f884a014800 nmethod 376 0x000000010ec392d0 code [0x000000010ec394a0, 0x000000010ec3a090]
Event: 22.823 Thread 0x00007f884a014000  380             java.util.concurrent.atomic.AtomicInteger::get (5 bytes)
Event: 22.824 Thread 0x00007f884a014000 nmethod 380 0x000000010ec3b210 code [0x000000010ec3b340, 0x000000010ec3b398]

GC Heap History (6 events):
Event: 1.114 GC heap before
{Heap before GC invocations=0 (full 0):
 par new generation   total 78656K, used 69952K [0x00000007bae00000, 0x00000007c0350000, 0x00000007d0350000)
  eden space 69952K, 100% used [0x00000007bae00000, 0x00000007bf250000, 0x00000007bf250000)
  from space 8704K,   0% used [0x00000007bf250000, 0x00000007bf250000, 0x00000007bfad0000)
  to   space 8704K,   0% used [0x00000007bfad0000, 0x00000007bfad0000, 0x00000007c0350000)
 concurrent mark-sweep generation total 174784K, used 0K [0x00000007d0350000, 0x00000007dae00000, 0x00000007fae00000)
 concurrent-mark-sweep perm gen total 21248K, used 17241K [0x00000007fae00000, 0x00000007fc2c0000, 0x0000000800000000)
Event: 1.128 GC heap after
Heap after GC invocations=1 (full 0):
 par new generation   total 78656K, used 8703K [0x00000007bae00000, 0x00000007c0350000, 0x00000007d0350000)
  eden space 69952K,   0% used [0x00000007bae00000, 0x00000007bae00000, 0x00000007bf250000)
  from space 8704K,  99% used [0x00000007bfad0000, 0x00000007c034fff8, 0x00000007c0350000)
  to   space 8704K,   0% used [0x00000007bf250000, 0x00000007bf250000, 0x00000007bfad0000)
 concurrent mark-sweep generation total 174784K, used 6313K [0x00000007d0350000, 0x00000007dae00000, 0x00000007fae00000)
 concurrent-mark-sweep perm gen total 21248K, used 17241K [0x00000007fae00000, 0x00000007fc2c0000, 0x0000000800000000)
}
Event: 2.474 GC heap before
{Heap before GC invocations=1 (full 0):
 par new generation   total 78656K, used 78655K [0x00000007bae00000, 0x00000007c0350000, 0x00000007d0350000)
  eden space 69952K, 100% used [0x00000007bae00000, 0x00000007bf250000, 0x00000007bf250000)
  from space 8704K,  99% used [0x00000007bfad0000, 0x00000007c034fff8, 0x00000007c0350000)
  to   space 8704K,   0% used [0x00000007bf250000, 0x00000007bf250000, 0x00000007bfad0000)
 concurrent mark-sweep generation total 174784K, used 6313K [0x00000007d0350000, 0x00000007dae00000, 0x00000007fae00000)
 concurrent-mark-sweep perm gen total 26624K, used 26603K [0x00000007fae00000, 0x00000007fc800000, 0x0000000800000000)
Event: 2.499 GC heap after
Heap after GC invocations=2 (full 0):
 par new generation   total 78656K, used 8704K [0x00000007bae00000, 0x00000007c0350000, 0x00000007d0350000)
  eden space 69952K,   0% used [0x00000007bae00000, 0x00000007bae00000, 0x00000007bf250000)
  from space 8704K, 100% used [0x00000007bf250000, 0x00000007bfad0000, 0x00000007bfad0000)
  to   space 8704K,   0% used [0x00000007bfad0000, 0x00000007bfad0000, 0x00000007c0350000)
 concurrent mark-sweep generation total 174784K, used 15114K [0x00000007d0350000, 0x00000007dae00000, 0x00000007fae00000)
 concurrent-mark-sweep perm gen total 26624K, used 26603K [0x00000007fae00000, 0x00000007fc800000, 0x0000000800000000)
}
Event: 6.737 GC heap before
{Heap before GC invocations=2 (full 0):
 par new generation   total 78656K, used 78656K [0x00000007bae00000, 0x00000007c0350000, 0x00000007d0350000)
  eden space 69952K, 100% used [0x00000007bae00000, 0x00000007bf250000, 0x00000007bf250000)
  from space 8704K, 100% used [0x00000007bf250000, 0x00000007bfad0000, 0x00000007bfad0000)
  to   space 8704K,   0% used [0x00000007bfad0000, 0x00000007bfad0000, 0x00000007c0350000)
 concurrent mark-sweep generation total 174784K, used 15114K [0x00000007d0350000, 0x00000007dae00000, 0x00000007fae00000)
 concurrent-mark-sweep perm gen total 32768K, used 32696K [0x00000007fae00000, 0x00000007fce00000, 0x0000000800000000)
Event: 6.750 GC heap after
Heap after GC invocations=3 (full 0):
 par new generation   total 78656K, used 8704K [0x00000007bae00000, 0x00000007c0350000, 0x00000007d0350000)
  eden space 69952K,   0% used [0x00000007bae00000, 0x00000007bae00000, 0x00000007bf250000)
  from space 8704K, 100% used [0x00000007bfad0000, 0x00000007c0350000, 0x00000007c0350000)
  to   space 8704K,   0% used [0x00000007bf250000, 0x00000007bf250000, 0x00000007bfad0000)
 concurrent mark-sweep generation total 174784K, used 21527K [0x00000007d0350000, 0x00000007dae00000, 0x00000007fae00000)
 concurrent-mark-sweep perm gen total 32768K, used 32696K [0x00000007fae00000, 0x00000007fce00000, 0x0000000800000000)
}

Deoptimization events (10 events):
Event: 2.555 Thread 0x00007f884d365800 Uncommon trap: reason=predicate action=maybe_recompile pc=0x000000010ec460d0 method=org.elasticsearch.common.collect.RegularImmutableMap.get(Ljava/lang/Object;)Ljava/lang/Object; @ 30
Event: 6.417 Thread 0x00007f884acf9000 Uncommon trap: reason=unreached action=reinterpret pc=0x000000010ebf251c method=java.util.zip.ZipCoder.encoder()Ljava/nio/charset/CharsetEncoder; @ 4
Event: 6.626 Thread 0x00007f884acf9000 Uncommon trap: reason=bimorphic action=maybe_recompile pc=0x000000010ec44888 method=org.elasticsearch.common.collect.RegularImmutableMap.<init>([Ljava/util/Map$Entry;)V @ 57
Event: 6.638 Thread 0x00007f884acf9000 Uncommon trap: reason=bimorphic action=maybe_recompile pc=0x000000010ec44888 method=org.elasticsearch.common.collect.RegularImmutableMap.<init>([Ljava/util/Map$Entry;)V @ 57
Event: 6.725 Thread 0x00007f884d2b6800 Uncommon trap: reason=bimorphic action=maybe_recompile pc=0x000000010ec5bc64 method=java.util.regex.Pattern$Curly.match0(Ljava/util/regex/Matcher;IILjava/lang/CharSequence;)Z @ 31
Event: 6.725 Thread 0x00007f884d2b6800 Uncommon trap: reason=bimorphic action=maybe_recompile pc=0x000000010ec5bc64 method=java.util.regex.Pattern$Curly.match0(Ljava/util/regex/Matcher;IILjava/lang/CharSequence;)Z @ 31
Event: 6.725 Thread 0x00007f884d2b6800 Uncommon trap: reason=bimorphic action=maybe_recompile pc=0x000000010ec5bc64 method=java.util.regex.Pattern$Curly.match0(Ljava/util/regex/Matcher;IILjava/lang/CharSequence;)Z @ 31
Event: 6.734 Thread 0x00007f884d365800 Uncommon trap: reason=unreached action=reinterpret pc=0x000000010ec74a44 method=java.lang.ClassLoader.getClassLoadingLock(Ljava/lang/String;)Ljava/lang/Object; @ 28
Event: 6.735 Thread 0x00007f884d365800 Uncommon trap: reason=unreached action=reinterpret pc=0x000000010ec4b7a4 method=java.lang.ClassLoader.getClassLoadingLock(Ljava/lang/String;)Ljava/lang/Object; @ 28
Event: 6.771 Thread 0x00007f884d2b6800 Uncommon trap: reason=bimorphic action=maybe_recompile pc=0x000000010ec5bc64 method=java.util.regex.Pattern$Curly.match0(Ljava/util/regex/Matcher;IILjava/lang/CharSequence;)Z @ 31

Internal exceptions (10 events):
Event: 6.945 Thread 0x00007f884acf9000 Threw 0x00000007bc260730 at /HUDSON/workspace/7u-2-build-macosx-x86_64/jdk7u55/869/hotspot/src/share/vm/prims/jni.cpp:717
Event: 6.945 Thread 0x00007f884acf9000 Threw 0x00000007bc263428 at /HUDSON/workspace/7u-2-build-macosx-x86_64/jdk7u55/869/hotspot/src/share/vm/prims/jni.cpp:717
Event: 6.945 Thread 0x00007f884acf9000 Threw 0x00000007bc265ea0 at /HUDSON/workspace/7u-2-build-macosx-x86_64/jdk7u55/869/hotspot/src/share/vm/prims/jni.cpp:717
Event: 6.946 Thread 0x00007f884acf9000 Threw 0x00000007bc268a88 at /HUDSON/workspace/7u-2-build-macosx-x86_64/jdk7u55/869/hotspot/src/share/vm/prims/jni.cpp:717
Event: 6.946 Thread 0x00007f884acf9000 Threw 0x00000007bc26b500 at /HUDSON/workspace/7u-2-build-macosx-x86_64/jdk7u55/869/hotspot/src/share/vm/prims/jni.cpp:717
Event: 6.946 Thread 0x00007f884c806800 Threw 0x00000007bc2beaf0 at /HUDSON/workspace/7u-2-build-macosx-x86_64/jdk7u55/869/hotspot/src/share/vm/prims/jni.cpp:717
Event: 6.950 Thread 0x00007f884acf9000 Threw 0x00000007bc2884e8 at /HUDSON/workspace/7u-2-build-macosx-x86_64/jdk7u55/869/hotspot/src/share/vm/prims/jni.cpp:717
Event: 6.951 Thread 0x00007f884acf9000 Threw 0x00000007bc28b010 at /HUDSON/workspace/7u-2-build-macosx-x86_64/jdk7u55/869/hotspot/src/share/vm/prims/jni.cpp:717
Event: 6.951 Thread 0x00007f884acf9000 Threw 0x00000007bc28dd50 at /HUDSON/workspace/7u-2-build-macosx-x86_64/jdk7u55/869/hotspot/src/share/vm/prims/jni.cpp:717
Event: 6.952 Thread 0x00007f884acf9000 Threw 0x00000007bc2907d8 at /HUDSON/workspace/7u-2-build-macosx-x86_64/jdk7u55/869/hotspot/src/share/vm/prims/jni.cpp:717

Events (10 events):
Event: 6.947 Thread 0x00007f884a014000 flushing nmethod 0x000000010ec19a50
Event: 6.949 Executing VM operation: RevokeBias
Event: 6.949 Executing VM operation: RevokeBias done
Event: 6.949 Executing VM operation: RevokeBias
Event: 6.949 Executing VM operation: RevokeBias done
Event: 6.950 Executing VM operation: RevokeBias
Event: 6.950 Executing VM operation: RevokeBias done
Event: 6.950 Executing VM operation: RevokeBias
Event: 6.950 Executing VM operation: RevokeBias done
Event: 8.567 Thread 0x00007f884a014800 flushing nmethod 0x000000010ec45950


Dynamic libraries:
0x000000000b2b8000 	/System/Library/Frameworks/Cocoa.framework/Versions/A/Cocoa
0x000000000b2b8000 	/System/Library/Frameworks/Security.framework/Versions/A/Security
0x000000000b2b8000 	/System/Library/Frameworks/ApplicationServices.framework/Versions/A/ApplicationServices
0x000000000b2b8000 	/usr/lib/libz.1.dylib
0x000000000b2b8000 	/usr/lib/libSystem.B.dylib
0x000000000b2b8000 	/usr/lib/libobjc.A.dylib
0x000000000b2b8000 	/System/Library/Frameworks/CoreFoundation.framework/Versions/A/CoreFoundation
0x000000000b2b8000 	/System/Library/Frameworks/Foundation.framework/Versions/C/Foundation
0x000000000b2b8000 	/System/Library/Frameworks/AppKit.framework/Versions/C/AppKit
0x000000000b2b8000 	/System/Library/Frameworks/CoreData.framework/Versions/A/CoreData
0x000000000b2b8000 	/System/Library/PrivateFrameworks/RemoteViewServices.framework/Versions/A/RemoteViewServices
0x000000000b2b8000 	/System/Library/Frameworks/AudioToolbox.framework/Versions/A/AudioToolbox
0x000000000b2b8000 	/System/Library/Frameworks/AudioUnit.framework/Versions/A/AudioUnit
0x000000000b2b8000 	/System/Library/PrivateFrameworks/DataDetectorsCore.framework/Versions/A/DataDetectorsCore
0x000000000b2b8000 	/System/Library/PrivateFrameworks/DesktopServicesPriv.framework/Versions/A/DesktopServicesPriv
0x000000000b2b8000 	/System/Library/Frameworks/Carbon.framework/Versions/A/Frameworks/HIToolbox.framework/Versions/A/HIToolbox
0x000000010b503000 	/System/Library/Frameworks/QuartzCore.framework/Versions/A/QuartzCore
0x000000000b2b8000 	/System/Library/Frameworks/Carbon.framework/Versions/A/Frameworks/SpeechRecognition.framework/Versions/A/SpeechRecognition
0x000000000b2b8000 	/usr/lib/libauto.dylib
0x000000000b2b8000 	/usr/lib/libicucore.A.dylib
0x000000000b2b8000 	/usr/lib/libxml2.2.dylib
0x000000000b2b8000 	/System/Library/PrivateFrameworks/CoreUI.framework/Versions/A/CoreUI
0x000000000b2b8000 	/System/Library/Frameworks/CoreAudio.framework/Versions/A/CoreAudio
0x000000000b2b8000 	/System/Library/Frameworks/DiskArbitration.framework/Versions/A/DiskArbitration
0x000000000b2b8000 	/usr/lib/liblangid.dylib
0x000000000b2b8000 	/System/Library/PrivateFrameworks/MultitouchSupport.framework/Versions/A/MultitouchSupport
0x000000010b777000 	/System/Library/Frameworks/IOKit.framework/Versions/A/IOKit
0x000000000b2b8000 	/usr/lib/libDiagnosticMessagesClient.dylib
0x000000000b2b8000 	/System/Library/Frameworks/CoreServices.framework/Versions/A/CoreServices
0x000000000b2b8000 	/System/Library/PrivateFrameworks/PerformanceAnalysis.framework/Versions/A/PerformanceAnalysis
0x000000000b2b8000 	/System/Library/PrivateFrameworks/GenerationalStorage.framework/Versions/A/GenerationalStorage
0x000000000b2b8000 	/System/Library/Frameworks/OpenGL.framework/Versions/A/OpenGL
0x000000000b2b8000 	/System/Library/PrivateFrameworks/Sharing.framework/Versions/A/Sharing
0x000000000b2b8000 	/System/Library/Frameworks/ImageIO.framework/Versions/A/ImageIO
0x000000000b2b8000 	/System/Library/Frameworks/CoreText.framework/Versions/A/CoreText
0x000000010b81a000 	/System/Library/Frameworks/CoreGraphics.framework/Versions/A/CoreGraphics
0x000000000b2b8000 	/System/Library/PrivateFrameworks/Backup.framework/Versions/A/Backup
0x000000010c269000 	/System/Library/Frameworks/CFNetwork.framework/Versions/A/CFNetwork
0x000000000b2b8000 	/System/Library/Frameworks/SystemConfiguration.framework/Versions/A/SystemConfiguration
0x000000000b2b8000 	/usr/lib/libCRFSuite.dylib
0x000000000b2b8000 	/usr/lib/libc++.1.dylib
0x000000000b2b8000 	/usr/lib/libc++abi.dylib
0x000000000b2b8000 	/usr/lib/system/libcache.dylib
0x000000000b2b8000 	/usr/lib/system/libcommonCrypto.dylib
0x000000000b2b8000 	/usr/lib/system/libcompiler_rt.dylib
0x000000000b2b8000 	/usr/lib/system/libcopyfile.dylib
0x000000000b2b8000 	/usr/lib/system/libcorecrypto.dylib
0x000000000b2b8000 	/usr/lib/system/libdispatch.dylib
0x000000000b2b8000 	/usr/lib/system/libdyld.dylib
0x000000000b2b8000 	/usr/lib/system/libkeymgr.dylib
0x000000000b2b8000 	/usr/lib/system/liblaunch.dylib
0x000000000b2b8000 	/usr/lib/system/libmacho.dylib
0x000000000b2b8000 	/usr/lib/system/libquarantine.dylib
0x000000000b2b8000 	/usr/lib/system/libremovefile.dylib
0x000000000b2b8000 	/usr/lib/system/libsystem_asl.dylib
0x000000000b2b8000 	/usr/lib/system/libsystem_blocks.dylib
0x000000000b2b8000 	/usr/lib/system/libsystem_c.dylib
0x000000000b2b8000 	/usr/lib/system/libsystem_configuration.dylib
0x000000000b2b8000 	/usr/lib/system/libsystem_dnssd.dylib
0x000000000b2b8000 	/usr/lib/system/libsystem_info.dylib
0x000000000b2b8000 	/usr/lib/system/libsystem_kernel.dylib
0x000000000b2b8000 	/usr/lib/system/libsystem_m.dylib
0x000000000b2b8000 	/usr/lib/system/libsystem_malloc.dylib
0x000000010c511000 	/usr/lib/system/libsystem_network.dylib
0x000000000b2b8000 	/usr/lib/system/libsystem_notify.dylib
0x000000000b2b8000 	/usr/lib/system/libsystem_platform.dylib
0x000000000b2b8000 	/usr/lib/system/libsystem_pthread.dylib
0x000000010c55a000 	/usr/lib/system/libsystem_sandbox.dylib
0x000000000b2b8000 	/usr/lib/system/libsystem_stats.dylib
0x000000000b2b8000 	/usr/lib/system/libunc.dylib
0x000000000b2b8000 	/usr/lib/system/libunwind.dylib
0x000000000b2b8000 	/usr/lib/system/libxpc.dylib
0x000000000b2b8000 	/usr/lib/libbsm.0.dylib
0x000000000b2b8000 	/usr/lib/libsqlite3.dylib
0x000000000b2b8000 	/usr/lib/libxar.1.dylib
0x000000000b2b8000 	/usr/lib/libpam.2.dylib
0x000000000b2b8000 	/usr/lib/libOpenScriptingUtil.dylib
0x000000000b2b8000 	/usr/lib/libbz2.1.0.dylib
0x000000000b2b8000 	/System/Library/Frameworks/CoreServices.framework/Versions/A/Frameworks/CarbonCore.framework/Versions/A/CarbonCore
0x000000010bd65000 	/System/Library/Frameworks/CoreServices.framework/Versions/A/Frameworks/Metadata.framework/Versions/A/Metadata
0x000000000b2b8000 	/System/Library/Frameworks/CoreServices.framework/Versions/A/Frameworks/OSServices.framework/Versions/A/OSServices
0x000000000b2b8000 	/System/Library/Frameworks/CoreServices.framework/Versions/A/Frameworks/SearchKit.framework/Versions/A/SearchKit
0x000000010c660000 	/System/Library/Frameworks/CoreServices.framework/Versions/A/Frameworks/AE.framework/Versions/A/AE
0x000000010c6ea000 	/System/Library/Frameworks/CoreServices.framework/Versions/A/Frameworks/LaunchServices.framework/Versions/A/LaunchServices
0x000000000b2b8000 	/System/Library/Frameworks/CoreServices.framework/Versions/A/Frameworks/DictionaryServices.framework/Versions/A/DictionaryServices
0x000000000b2b8000 	/System/Library/Frameworks/NetFS.framework/Versions/A/NetFS
0x000000010c82e000 	/usr/lib/system/libkxld.dylib
0x000000000b2b8000 	/System/Library/PrivateFrameworks/NetAuth.framework/Versions/A/NetAuth
0x000000000b2b8000 	/System/Library/PrivateFrameworks/TCC.framework/Versions/A/TCC
0x000000000b2b8000 	/System/Library/Frameworks/OpenDirectory.framework/Versions/A/Frameworks/CFOpenDirectory.framework/Versions/A/CFOpenDirectory
0x000000000b2b8000 	/System/Library/Frameworks/ServiceManagement.framework/Versions/A/ServiceManagement
0x000000000b2b8000 	/usr/lib/libxslt.1.dylib
0x000000000b2b8000 	/System/Library/Frameworks/Carbon.framework/Versions/A/Frameworks/Ink.framework/Versions/A/Ink
0x000000000b2b8000 	/System/Library/Frameworks/ApplicationServices.framework/Versions/A/Frameworks/ATS.framework/Versions/A/ATS
0x000000000b2b8000 	/System/Library/Frameworks/ApplicationServices.framework/Versions/A/Frameworks/ColorSync.framework/Versions/A/ColorSync
0x000000000b2b8000 	/System/Library/Frameworks/ApplicationServices.framework/Versions/A/Frameworks/HIServices.framework/Versions/A/HIServices
0x000000000b2b8000 	/System/Library/Frameworks/ApplicationServices.framework/Versions/A/Frameworks/LangAnalysis.framework/Versions/A/LangAnalysis
0x000000000b2b8000 	/System/Library/Frameworks/ApplicationServices.framework/Versions/A/Frameworks/PrintCore.framework/Versions/A/PrintCore
0x000000000b2b8000 	/System/Library/Frameworks/ApplicationServices.framework/Versions/A/Frameworks/QD.framework/Versions/A/QD
0x000000000b2b8000 	/System/Library/Frameworks/ApplicationServices.framework/Versions/A/Frameworks/SpeechSynthesis.framework/Versions/A/SpeechSynthesis
0x000000010c841000 	/System/Library/Frameworks/IOSurface.framework/Versions/A/IOSurface
0x000000000b2b8000 	/System/Library/Frameworks/Accelerate.framework/Versions/A/Accelerate
0x000000000b2b8000 	/System/Library/Frameworks/Accelerate.framework/Versions/A/Frameworks/vImage.framework/Versions/A/vImage
0x000000000b2b8000 	/System/Library/Frameworks/Accelerate.framework/Versions/A/Frameworks/vecLib.framework/Versions/A/vecLib
0x000000000b2b8000 	/System/Library/Frameworks/Accelerate.framework/Versions/A/Frameworks/vecLib.framework/Versions/A/libvDSP.dylib
0x000000000b2b8000 	/System/Library/Frameworks/Accelerate.framework/Versions/A/Frameworks/vecLib.framework/Versions/A/libvMisc.dylib
0x000000000b2b8000 	/System/Library/Frameworks/Accelerate.framework/Versions/A/Frameworks/vecLib.framework/Versions/A/libLAPACK.dylib
0x000000000b2b8000 	/System/Library/Frameworks/Accelerate.framework/Versions/A/Frameworks/vecLib.framework/Versions/A/libBLAS.dylib
0x000000010c854000 	/System/Library/Frameworks/ApplicationServices.framework/Versions/A/Frameworks/ATS.framework/Versions/A/Resources/libFontParser.dylib
0x000000010c9b9000 	/System/Library/Frameworks/ApplicationServices.framework/Versions/A/Frameworks/ATS.framework/Versions/A/Resources/libFontRegistry.dylib
0x000000010ca2a000 	/System/Library/Frameworks/ImageIO.framework/Versions/A/Resources/libJPEG.dylib
0x000000010ca5d000 	/System/Library/Frameworks/ImageIO.framework/Versions/A/Resources/libTIFF.dylib
0x000000010cac6000 	/System/Library/Frameworks/ImageIO.framework/Versions/A/Resources/libPng.dylib
0x000000010caf0000 	/System/Library/Frameworks/ImageIO.framework/Versions/A/Resources/libGIF.dylib
0x000000010cafd000 	/System/Library/Frameworks/ImageIO.framework/Versions/A/Resources/libJP2.dylib
0x000000010cc16000 	/System/Library/Frameworks/ImageIO.framework/Versions/A/Resources/libRadiance.dylib
0x000000010cc21000 	/usr/lib/libcups.2.dylib
0x000000000b2b8000 	/System/Library/Frameworks/Kerberos.framework/Versions/A/Kerberos
0x000000010cc7e000 	/System/Library/Frameworks/GSS.framework/Versions/A/GSS
0x000000000b2b8000 	/usr/lib/libresolv.9.dylib
0x000000000b2b8000 	/usr/lib/libiconv.2.dylib
0x000000010ccd0000 	/System/Library/PrivateFrameworks/Heimdal.framework/Versions/A/Heimdal
0x000000000b2b8000 	/System/Library/PrivateFrameworks/TrustEvaluationAgent.framework/Versions/A/TrustEvaluationAgent
0x000000010cd61000 	/usr/lib/libheimdal-asn1.dylib
0x000000000b2b8000 	/System/Library/Frameworks/OpenDirectory.framework/Versions/A/OpenDirectory
0x000000010cd72000 	/System/Library/PrivateFrameworks/CommonAuth.framework/Versions/A/CommonAuth
0x000000000b2b8000 	/System/Library/Frameworks/SecurityFoundation.framework/Versions/A/SecurityFoundation
0x000000000b2b8000 	/System/Library/PrivateFrameworks/Bom.framework/Versions/A/Bom
0x000000000b2b8000 	/System/Library/Frameworks/CoreVideo.framework/Versions/A/CoreVideo
0x000000000b2b8000 	/System/Library/Frameworks/QuartzCore.framework/Versions/A/Frameworks/CoreImage.framework/Versions/A/CoreImage
0x000000000b2b8000 	/System/Library/Frameworks/QuartzCore.framework/Versions/A/Frameworks/ScalableUserInterface.framework/Versions/A/ScalableUserInterface
0x000000000b2b8000 	/System/Library/Frameworks/OpenGL.framework/Versions/A/Libraries/libGLU.dylib
0x000000000b2b8000 	/System/Library/Frameworks/OpenGL.framework/Versions/A/Libraries/libGFXShared.dylib
0x000000000b2b8000 	/System/Library/Frameworks/OpenGL.framework/Versions/A/Libraries/libGL.dylib
0x000000000b2b8000 	/System/Library/Frameworks/OpenGL.framework/Versions/A/Libraries/libGLImage.dylib
0x000000000b2b8000 	/System/Library/Frameworks/OpenGL.framework/Versions/A/Libraries/libCVMSPluginSupport.dylib
0x000000000b2b8000 	/System/Library/Frameworks/OpenGL.framework/Versions/A/Libraries/libCoreVMClient.dylib
0x000000000b2b8000 	/System/Library/PrivateFrameworks/FaceCore.framework/Versions/A/FaceCore
0x000000000b2b8000 	/System/Library/PrivateFrameworks/CrashReporterSupport.framework/Versions/A/CrashReporterSupport
0x000000000b2b8000 	/System/Library/Frameworks/OpenCL.framework/Versions/A/OpenCL
0x000000000b2b8000 	/System/Library/PrivateFrameworks/AppleFSCompression.framework/Versions/A/AppleFSCompression
0x000000000b2b8000 	/System/Library/PrivateFrameworks/Ubiquity.framework/Versions/A/Ubiquity
0x000000000b2b8000 	/System/Library/PrivateFrameworks/IconServices.framework/Versions/A/IconServices
0x000000000b2b8000 	/System/Library/PrivateFrameworks/ChunkingLibrary.framework/Versions/A/ChunkingLibrary
0x000000010cd85000 	/System/Library/PrivateFrameworks/CoreSymbolication.framework/Versions/A/CoreSymbolication
0x000000000b2b8000 	/System/Library/PrivateFrameworks/Symbolication.framework/Versions/A/Symbolication
0x000000000b2b8000 	/System/Library/PrivateFrameworks/DebugSymbols.framework/Versions/A/DebugSymbols
0x000000010e000000 	/Library/Java/JavaVirtualMachines/jdk1.7.0_55.jdk/Contents/Home/jre/lib/server/libjvm.dylib
0x000000000b2b8000 	/usr/lib/libstdc++.6.dylib
0x000000010cf49000 	/Library/Java/JavaVirtualMachines/jdk1.7.0_55.jdk/Contents/Home/jre/lib/libverify.dylib
0x000000010cf56000 	/Library/Java/JavaVirtualMachines/jdk1.7.0_55.jdk/Contents/Home/jre/lib/libjava.dylib
0x000000010cf8e000 	/Library/Java/JavaVirtualMachines/jdk1.7.0_55.jdk/Contents/Home/jre/lib/libzip.dylib
0x000000011764e000 	/System/Library/Frameworks/JavaVM.framework/Frameworks/JavaRuntimeSupport.framework/JavaRuntimeSupport
0x0000000117666000 	/System/Library/Frameworks/JavaVM.framework/Versions/A/Frameworks/JavaNativeFoundation.framework/Versions/A/JavaNativeFoundation
0x000000010cff1000 	/System/Library/Frameworks/JavaVM.framework/Versions/A/JavaVM
0x000000000b2b8000 	/System/Library/Frameworks/Carbon.framework/Versions/A/Carbon
0x000000011767a000 	/System/Library/PrivateFrameworks/JavaLaunching.framework/Versions/A/JavaLaunching
0x000000000b2b8000 	/System/Library/Frameworks/Carbon.framework/Versions/A/Frameworks/CommonPanels.framework/Versions/A/CommonPanels
0x000000000b2b8000 	/System/Library/Frameworks/Carbon.framework/Versions/A/Frameworks/Help.framework/Versions/A/Help
0x000000000b2b8000 	/System/Library/Frameworks/Carbon.framework/Versions/A/Frameworks/ImageCapture.framework/Versions/A/ImageCapture
0x000000000b2b8000 	/System/Library/Frameworks/Carbon.framework/Versions/A/Frameworks/OpenScripting.framework/Versions/A/OpenScripting
0x000000000b2b8000 	/System/Library/Frameworks/Carbon.framework/Versions/A/Frameworks/Print.framework/Versions/A/Print
0x000000000b2b8000 	/System/Library/Frameworks/Carbon.framework/Versions/A/Frameworks/SecurityHI.framework/Versions/A/SecurityHI
0x0000000118091000 	/Library/Java/JavaVirtualMachines/jdk1.7.0_55.jdk/Contents/Home/jre/lib/libnet.dylib
0x00000001180ee000 	/Library/Java/JavaVirtualMachines/jdk1.7.0_55.jdk/Contents/Home/jre/lib/libnio.dylib
0x00000001181f0000 	/Library/Java/JavaVirtualMachines/jdk1.7.0_55.jdk/Contents/Home/jre/lib/libmanagement.dylib
0x0000000117f24000 	/Users/ytian/Applications/elasticsearch-1.5.2/lib/sigar/libsigar-universal64-macosx.dylib

VM Arguments:
jvm_args: -Xms256m -Xmx1g -Djava.awt.headless=true -XX:+UseParNewGC -XX:+UseConcMarkSweepGC -XX:CMSInitiatingOccupancyFraction=75 -XX:+UseCMSInitiatingOccupancyOnly -XX:+HeapDumpOnOutOfMemoryError -XX:+DisableExplicitGC -Dfile.encoding=UTF-8 -Delasticsearch -Des.foreground=yes -Des.path.home=/Users/ytian/Applications/elasticsearch-1.5.2 
java_command: org.elasticsearch.bootstrap.Elasticsearch
Launcher Type: SUN_STANDARD

Environment Variables:
PATH=/Users/ytian/.nvm/versions/io.js/v1.8.1/lib/node_modules/npm/bin/node-gyp-bin:/Users/ytian/Git/nodebnb/BackEnd/node_modules/.bin:/Users/ytian/Applications/elasticsearch-1.5.2/bin:/Users/ytian/Applications/play-2.1.4:/Users/ytian/.nvm/versions/io.js/v1.8.1/bin:/usr/local/bin:/usr/bin:/bin:/usr/sbin:/sbin:/usr/local/bin
SHELL=/bin/bash

Signal Handlers:
SIGSEGV: [libjvm.dylib+0x5253e5], sa_mask[0]=0xfffefeff, sa_flags=0x00000043
SIGBUS: [libjvm.dylib+0x5253e5], sa_mask[0]=0xfffefeff, sa_flags=0x00000042
SIGFPE: [libjvm.dylib+0x4188a2], sa_mask[0]=0xfffefeff, sa_flags=0x00000042
SIGPIPE: [libjvm.dylib+0x4188a2], sa_mask[0]=0xfffefeff, sa_flags=0x00000042
SIGXFSZ: [libjvm.dylib+0x4188a2], sa_mask[0]=0xfffefeff, sa_flags=0x00000042
SIGILL: [libjvm.dylib+0x4188a2], sa_mask[0]=0xfffefeff, sa_flags=0x00000042
SIGUSR1: SIG_DFL, sa_mask[0]=0xfffefeff, sa_flags=0x00000000
SIGUSR2: [libjvm.dylib+0x418394], sa_mask[0]=0x00000000, sa_flags=0x00000042
SIGHUP: [libjvm.dylib+0x416623], sa_mask[0]=0xfffefeff, sa_flags=0x00000042
SIGINT: [libjvm.dylib+0x416623], sa_mask[0]=0xfffefeff, sa_flags=0x00000042
SIGTERM: [libjvm.dylib+0x416623], sa_mask[0]=0xfffefeff, sa_flags=0x00000042
SIGQUIT: [libjvm.dylib+0x416623], sa_mask[0]=0xfffefeff, sa_flags=0x00000042


---------------  S Y S T E M  ---------------

OS:Bsduname:Darwin 13.4.0 Darwin Kernel Version 13.4.0: Wed Mar 18 16:20:14 PDT 2015; root:xnu-2422.115.14~1/RELEASE_X86_64 x86_64
rlimit: STACK 8192k, CORE 0k, NPROC 709, NOFILE 10240, AS infinity
load average:1.69 1.61 1.81

CPU:total 8 (4 cores per cpu, 2 threads per core) family 6 model 58 stepping 9, cmov, cx8, fxsr, mmx, sse, sse2, sse3, ssse3, sse4.1, sse4.2, popcnt, avx, aes, erms, ht, tsc, tscinvbit, tscinv

Memory: 4k page, physical 16777216k(4194304k free)

/proc/meminfo:


vm_info: Java HotSpot(TM) 64-Bit Server VM (24.55-b03) for bsd-amd64 JRE (1.7.0_55-b13), built on Mar 17 2014 19:40:08 by "java_re" with gcc 4.2.1 (Based on Apple Inc. build 5658) (LLVM build 2336.11.00)

time: Wed Jun  3 16:41:23 2015
elapsed time: 31 seconds

