#
# A fatal error has been detected by the Java Runtime Environment:
#
#  SIGSEGV (0xb) at pc=0x0000000108e183c4, pid=86567, tid=9223
#
# JRE version: Java(TM) SE Runtime Environment (7.0_55-b13) (build 1.7.0_55-b13)
# Java VM: Java HotSpot(TM) 64-Bit Server VM (24.55-b03 mixed mode bsd-amd64 compressed oops)
# Problematic frame:
# V  [libjvm.dylib+0x4183c4]  SR_handler(int, __siginfo*, __darwin_ucontext*)+0x30
#
# Failed to write core dump. Core dumps have been disabled. To enable core dumping, try "ulimit -c unlimited" before starting Java again
#
# If you would like to submit a bug report, please visit:
#   http://bugreport.sun.com/bugreport/crash.jsp
#

---------------  T H R E A D  ---------------

Current thread is native thread

siginfo:si_signo=SIGSEGV: si_errno=0, si_code=1 (SEGV_MAPERR), si_addr=0x0000000000000110

Registers:
RAX=0x0000000000000000, RBX=0x00007fff59d4bfa0, RCX=0x00007fff59d4bf38, RDX=0x00007fff59d4bfa0
RSP=0x00007fff59d4bad0, RBP=0x00007fff59d4bb00, RSI=0x00007fff59d4bf38, RDI=0x0000000000000102
R8 =0x00007fff59d4bfa0, R9 =0x00000000ffffffff, R10=0x0000000000000c00, R11=0x0000000000000206
R12=0x0000000000000c00, R13=0x0000000000000000, R14=0x00007fff59d4bf38, R15=0x0000000000001407
RIP=0x0000000108e183c4, EFLAGS=0x0000000000010206, ERR=0x0000000000000004
  TRAPNO=0x000000000000000e

Top of Stack: (sp=0x00007fff59d4bad0)
0x00007fff59d4bad0:   00007fff00000002 00007fff59d4bfa0
0x00007fff59d4bae0:   0000000000000c00 0000000000000000
0x00007fff59d4baf0:   00007fff59d4c190 0000000000001407
0x00007fff59d4bb00:   00007fff59d4bb10 00007fff925bf5aa
0x00007fff59d4bb10:   00007fff59d4c0a0 00007fff983f5000
0x00007fff59d4bb20:   00007fff983f5a20 0000000054cbce6a
0x00007fff59d4bb30:   0100001f00000085 00007fff7cb3d1b0
0x00007fff59d4bb40:   0000000010004005 0000000007000006
0x00007fff59d4bb50:   00007fff59d4c058 0000000000000000
0x00007fff59d4bb60:   00007fff59d4c190 0000000007000006
0x00007fff59d4bb70:   00007fff59d4c0a0 00007fff59d4c058
0x00007fff59d4bb80:   0000000000001407 00000000ffffffff
0x00007fff59d4bb90:   0000000000000c00 0000000000000206
0x00007fff59d4bba0:   0000000000000c00 0000000000000000
0x00007fff59d4bbb0:   00007fff59d4c190 0000000000001407
0x00007fff59d4bbc0:   00007fff9672aa1a 0000000000000206
0x00007fff59d4bbd0:   0000000000000007 0000000000000000
0x00007fff59d4bbe0:   0000000096030000 0000000000000000
0x00007fff59d4bbf0:   000000000000037f 0000000000000000
0x00007fff59d4bc00:   0000000000000000 0000ffff00001fa0
0x00007fff59d4bc10:   0000000000000000 000000000000ffff
0x00007fff59d4bc20:   0000000000000100 000000000000ffff
0x00007fff59d4bc30:   0000000000000000 0000000000000000
0x00007fff59d4bc40:   0000000000000015 000000000000ffff
0x00007fff59d4bc50:   00000000ffe39100 000000000000ffff
0x00007fff59d4bc60:   0000000000000000 0000000000000000
0x00007fff59d4bc70:   bb78000000000000 000000000000400b
0x00007fff59d4bc80:   fffffffe00000000 000000000000401d
0x00007fff59d4bc90:   41be185580000000 0000000000000000
0x00007fff59d4bca0:   4415af1d78b58c40 0000000000000000
0x00007fff59d4bcb0:   c3de3f7c06e50165 439c083f91afe9b3
0x00007fff59d4bcc0:   0000000000000000 0000000000000000 

Instructions: (pc=0x0000000108e183c4)
0x0000000108e183a4:   08 48 89 d3 49 89 f6 e8 8a 03 12 00 8b 00 89 45
0x0000000108e183b4:   d0 48 8d 05 74 1c 35 00 48 63 38 e8 22 06 12 00
0x0000000108e183c4:   4c 8b b8 10 01 00 00 41 83 7f 34 01 0f 85 0a 01
0x0000000108e183d4:   00 00 4d 8d 67 34 49 89 5f 40 4d 89 77 38 48 8d 

Register to memory mapping:

RAX=0x0000000000000000 is an unknown value
RBX=0x00007fff59d4bfa0 is an unknown value
RCX=0x00007fff59d4bf38 is an unknown value
RDX=0x00007fff59d4bfa0 is an unknown value
RSP=0x00007fff59d4bad0 is an unknown value
RBP=0x00007fff59d4bb00 is an unknown value
RSI=0x00007fff59d4bf38 is an unknown value
RDI=0x0000000000000102 is an unknown value
R8 =0x00007fff59d4bfa0 is an unknown value
R9 =0x00000000ffffffff is an unknown value
R10=0x0000000000000c00 is an unknown value
R11=0x0000000000000206 is an unknown value
R12=0x0000000000000c00 is an unknown value
R13=0x0000000000000000 is an unknown value
R14=0x00007fff59d4bf38 is an unknown value
R15=0x0000000000001407 is an unknown value


Stack: [0x00007fff59cd0000,0x00007fff59d50000],  sp=0x00007fff59d4bad0,  free space=494k
Native frames: (J=compiled Java code, j=interpreted, Vv=VM code, C=native code)
V  [libjvm.dylib+0x4183c4]  SR_handler(int, __siginfo*, __darwin_ucontext*)+0x30
C  [libsystem_platform.dylib+0x35aa]  _sigtramp+0x1a
C  [DesktopServicesPriv+0x0]  __dso_handle+0x0
C  [CoreFoundation+0x70f15]  __CFRunLoopServiceMachPort+0xb5
C  [CoreFoundation+0x70539]  __CFRunLoopRun+0x489
C  [CoreFoundation+0x6fe75]  CFRunLoopRunSpecific+0x135
C  [java+0x73b0]  CreateExecutionEnvironment+0x367
C  [java+0x1b5c]  JLI_Launch+0x7a0
C  [java+0x770d]  main+0x65
C  [java+0x13b4]  start+0x34


---------------  P R O C E S S  ---------------

VM state:not at safepoint (normal execution)

VM Mutex/Monitor currently owned by a thread: None

Heap
 par new generation   total 78656K, used 69554K [0x00000007bae00000, 0x00000007c0350000, 0x00000007d0350000)
  eden space 69952K,  86% used [0x00000007bae00000, 0x00000007be96c920, 0x00000007bf250000)
  from space 8704K,  99% used [0x00000007bf250000, 0x00000007bfacfff0, 0x00000007bfad0000)
  to   space 8704K,   0% used [0x00000007bfad0000, 0x00000007bfad0000, 0x00000007c0350000)
 concurrent mark-sweep generation total 174784K, used 15140K [0x00000007d0350000, 0x00000007dae00000, 0x00000007fae00000)
 concurrent-mark-sweep perm gen total 31616K, used 31517K [0x00000007fae00000, 0x00000007fcce0000, 0x0000000800000000)

Card table byte_map: [0x000000010ce2e000,0x000000010d058000] byte_map_base: 0x0000000109057000

Polling page: 0x0000000106142000

Code Cache  [0x0000000109556000, 0x00000001097c6000, 0x000000010c556000)
 total_blobs=695 nmethods=290 adapters=359 free_code_cache=47986Kb largest_free_block=49112064

Compilation events (10 events):
Event: 6.633 Thread 0x00007f9c25050000  287             java.lang.ThreadLocal::access$400 (5 bytes)
Event: 6.633 Thread 0x00007f9c25050000 nmethod 287 0x0000000109671e90 code [0x0000000109671fc0, 0x0000000109672018]
Event: 6.633 Thread 0x00007f9c2681d000 nmethod 286 0x0000000109671c50 code [0x0000000109671d80, 0x0000000109671df8]
Event: 6.633 Thread 0x00007f9c25050000  288             java.net.URLStreamHandler::parseURL (1158 bytes)
Event: 6.633 Thread 0x00007f9c2681d000  289             java.net.URL::getUserInfo (5 bytes)
Event: 6.634 Thread 0x00007f9c2681d000 nmethod 289 0x000000010967e2d0 code [0x000000010967e400, 0x000000010967e478]
Event: 6.645 Thread 0x00007f9c2681d000  290             java.net.URLClassLoader::access$000 (5 bytes)
Event: 6.645 Thread 0x00007f9c2681d000 nmethod 290 0x000000010967e4d0 code [0x000000010967e600, 0x000000010967e658]
Event: 6.646 Thread 0x00007f9c2681d000  291  s          java.lang.Throwable::fillInStackTrace (29 bytes)
Event: 6.647 Thread 0x00007f9c2681d000 nmethod 291 0x000000010967c310 code [0x000000010967c460, 0x000000010967c7a8]

GC Heap History (4 events):
Event: 1.115 GC heap before
{Heap before GC invocations=0 (full 0):
 par new generation   total 78656K, used 69952K [0x00000007bae00000, 0x00000007c0350000, 0x00000007d0350000)
  eden space 69952K, 100% used [0x00000007bae00000, 0x00000007bf250000, 0x00000007bf250000)
  from space 8704K,   0% used [0x00000007bf250000, 0x00000007bf250000, 0x00000007bfad0000)
  to   space 8704K,   0% used [0x00000007bfad0000, 0x00000007bfad0000, 0x00000007c0350000)
 concurrent mark-sweep generation total 174784K, used 0K [0x00000007d0350000, 0x00000007dae00000, 0x00000007fae00000)
 concurrent-mark-sweep perm gen total 21248K, used 17258K [0x00000007fae00000, 0x00000007fc2c0000, 0x0000000800000000)
Event: 1.128 GC heap after
Heap after GC invocations=1 (full 0):
 par new generation   total 78656K, used 8703K [0x00000007bae00000, 0x00000007c0350000, 0x00000007d0350000)
  eden space 69952K,   0% used [0x00000007bae00000, 0x00000007bae00000, 0x00000007bf250000)
  from space 8704K,  99% used [0x00000007bfad0000, 0x00000007c034fff8, 0x00000007c0350000)
  to   space 8704K,   0% used [0x00000007bf250000, 0x00000007bf250000, 0x00000007bfad0000)
 concurrent mark-sweep generation total 174784K, used 6343K [0x00000007d0350000, 0x00000007dae00000, 0x00000007fae00000)
 concurrent-mark-sweep perm gen total 21248K, used 17258K [0x00000007fae00000, 0x00000007fc2c0000, 0x0000000800000000)
}
Event: 2.497 GC heap before
{Heap before GC invocations=1 (full 0):
 par new generation   total 78656K, used 78655K [0x00000007bae00000, 0x00000007c0350000, 0x00000007d0350000)
  eden space 69952K, 100% used [0x00000007bae00000, 0x00000007bf250000, 0x00000007bf250000)
  from space 8704K,  99% used [0x00000007bfad0000, 0x00000007c034fff8, 0x00000007c0350000)
  to   space 8704K,   0% used [0x00000007bf250000, 0x00000007bf250000, 0x00000007bfad0000)
 concurrent mark-sweep generation total 174784K, used 6343K [0x00000007d0350000, 0x00000007dae00000, 0x00000007fae00000)
 concurrent-mark-sweep perm gen total 26624K, used 26603K [0x00000007fae00000, 0x00000007fc800000, 0x0000000800000000)
Event: 2.520 GC heap after
Heap after GC invocations=2 (full 0):
 par new generation   total 78656K, used 8703K [0x00000007bae00000, 0x00000007c0350000, 0x00000007d0350000)
  eden space 69952K,   0% used [0x00000007bae00000, 0x00000007bae00000, 0x00000007bf250000)
  from space 8704K,  99% used [0x00000007bf250000, 0x00000007bfacfff0, 0x00000007bfad0000)
  to   space 8704K,   0% used [0x00000007bfad0000, 0x00000007bfad0000, 0x00000007c0350000)
 concurrent mark-sweep generation total 174784K, used 15140K [0x00000007d0350000, 0x00000007dae00000, 0x00000007fae00000)
 concurrent-mark-sweep perm gen total 26624K, used 26603K [0x00000007fae00000, 0x00000007fc800000, 0x0000000800000000)
}

Deoptimization events (10 events):
Event: 2.450 Thread 0x00007f9c2380c000 Uncommon trap: reason=class_check action=maybe_recompile pc=0x0000000109630cf8 method=java.util.regex.Pattern$BmpCharProperty.match(Ljava/util/regex/Matcher;ILjava/lang/CharSequence;)Z @ 16
Event: 2.483 Thread 0x00007f9c2380c000 Uncommon trap: reason=unreached action=reinterpret pc=0x000000010960a78c method=java.util.concurrent.locks.AbstractQueuedSynchronizer.release(I)Z @ 14
Event: 2.488 Thread 0x00007f9c2380c000 Uncommon trap: reason=class_check action=maybe_recompile pc=0x000000010962ece0 method=java.util.regex.Matcher.search(I)Z @ 86
Event: 2.488 Thread 0x00007f9c2380c000 Uncommon trap: reason=class_check action=maybe_recompile pc=0x000000010962ece0 method=java.util.regex.Matcher.search(I)Z @ 86
Event: 2.489 Thread 0x00007f9c2380c000 Uncommon trap: reason=class_check action=maybe_recompile pc=0x000000010962ece0 method=java.util.regex.Matcher.search(I)Z @ 86
Event: 2.491 Thread 0x00007f9c2380c000 Uncommon trap: reason=class_check action=maybe_recompile pc=0x000000010962ece0 method=java.util.regex.Matcher.search(I)Z @ 86
Event: 2.578 Thread 0x00007f9c26279000 Uncommon trap: reason=predicate action=maybe_recompile pc=0x00000001096487d0 method=org.elasticsearch.common.collect.RegularImmutableMap.get(Ljava/lang/Object;)Ljava/lang/Object; @ 30
Event: 6.445 Thread 0x00007f9c23bd3800 Uncommon trap: reason=unreached action=reinterpret pc=0x00000001095ecedc method=java.util.zip.ZipCoder.encoder()Ljava/nio/charset/CharsetEncoder; @ 4
Event: 6.642 Thread 0x00007f9c23bd3800 Uncommon trap: reason=bimorphic action=maybe_recompile pc=0x0000000109644e48 method=org.elasticsearch.common.collect.RegularImmutableMap.<init>([Ljava/util/Map$Entry;)V @ 57
Event: 6.654 Thread 0x00007f9c23bd3800 Uncommon trap: reason=bimorphic action=maybe_recompile pc=0x0000000109644e48 method=org.elasticsearch.common.collect.RegularImmutableMap.<init>([Ljava/util/Map$Entry;)V @ 57

Internal exceptions (10 events):
Event: 6.660 Thread 0x00007f9c23bd3800 Threw 0x00000007be8c40a8 at /HUDSON/workspace/7u-2-build-macosx-x86_64/jdk7u55/869/hotspot/src/share/vm/prims/jvm.cpp:1244
Event: 6.660 Thread 0x00007f9c23bd3800 Threw 0x00000007be8c7c20 at /HUDSON/workspace/7u-2-build-macosx-x86_64/jdk7u55/869/hotspot/src/share/vm/prims/jvm.cpp:1244
Event: 6.660 Thread 0x00007f9c23bd3800 Threw 0x00000007be8cb3c8 at /HUDSON/workspace/7u-2-build-macosx-x86_64/jdk7u55/869/hotspot/src/share/vm/prims/jvm.cpp:1244
Event: 6.661 Thread 0x00007f9c23bd3800 Threw 0x00000007be8cf7e0 at /HUDSON/workspace/7u-2-build-macosx-x86_64/jdk7u55/869/hotspot/src/share/vm/prims/jvm.cpp:1244
Event: 6.661 Thread 0x00007f9c23bd3800 Threw 0x00000007be8d3948 at /HUDSON/workspace/7u-2-build-macosx-x86_64/jdk7u55/869/hotspot/src/share/vm/prims/jvm.cpp:1244
Event: 6.661 Thread 0x00007f9c23bd3800 Threw 0x00000007be8d7558 at /HUDSON/workspace/7u-2-build-macosx-x86_64/jdk7u55/869/hotspot/src/share/vm/prims/jvm.cpp:1244
Event: 6.661 Thread 0x00007f9c23bd3800 Threw 0x00000007be8db148 at /HUDSON/workspace/7u-2-build-macosx-x86_64/jdk7u55/869/hotspot/src/share/vm/prims/jvm.cpp:1244
Event: 6.661 Thread 0x00007f9c23bd3800 Threw 0x00000007be8dea30 at /HUDSON/workspace/7u-2-build-macosx-x86_64/jdk7u55/869/hotspot/src/share/vm/prims/jvm.cpp:1244
Event: 6.662 Thread 0x00007f9c23bd3800 Threw 0x00000007be8e6940 at /HUDSON/workspace/7u-2-build-macosx-x86_64/jdk7u55/869/hotspot/src/share/vm/prims/jvm.cpp:1244
Event: 6.662 Thread 0x00007f9c23bd3800 Threw 0x00000007be8ebd78 at /HUDSON/workspace/7u-2-build-macosx-x86_64/jdk7u55/869/hotspot/src/share/vm/prims/jvm.cpp:1244

Events (10 events):
Event: 6.661 loading class 0x00007f9c2348d730
Event: 6.661 loading class 0x00007f9c2348d730 done
Event: 6.661 loading class 0x00007f9c2348d780
Event: 6.661 loading class 0x00007f9c2348d780 done
Event: 6.661 loading class 0x00007f9c2348d7d0
Event: 6.661 loading class 0x00007f9c2348d7d0 done
Event: 6.662 loading class 0x00007f9c258efe20
Event: 6.662 loading class 0x00007f9c258efe20 done
Event: 6.662 loading class 0x00007f9c25ad2570
Event: 6.662 loading class 0x00007f9c25ad2570 done


Dynamic libraries:
0x000000000b2b8000 	/System/Library/Frameworks/Cocoa.framework/Versions/A/Cocoa
0x000000000b2b8000 	/System/Library/Frameworks/Security.framework/Versions/A/Security
0x000000000b2b8000 	/System/Library/Frameworks/ApplicationServices.framework/Versions/A/ApplicationServices
0x000000000b2b8000 	/usr/lib/libz.1.dylib
0x000000000b2b8000 	/usr/lib/libSystem.B.dylib
0x000000000b2b8000 	/usr/lib/libobjc.A.dylib
0x000000000b2b8000 	/System/Library/Frameworks/CoreFoundation.framework/Versions/A/CoreFoundation
0x000000000b2b8000 	/System/Library/Frameworks/Foundation.framework/Versions/C/Foundation
0x000000000b2b8000 	/System/Library/Frameworks/AppKit.framework/Versions/C/AppKit
0x000000000b2b8000 	/System/Library/Frameworks/CoreData.framework/Versions/A/CoreData
0x000000000b2b8000 	/System/Library/PrivateFrameworks/RemoteViewServices.framework/Versions/A/RemoteViewServices
0x000000000b2b8000 	/System/Library/Frameworks/AudioToolbox.framework/Versions/A/AudioToolbox
0x000000000b2b8000 	/System/Library/Frameworks/AudioUnit.framework/Versions/A/AudioUnit
0x000000000b2b8000 	/System/Library/PrivateFrameworks/DataDetectorsCore.framework/Versions/A/DataDetectorsCore
0x000000000b2b8000 	/System/Library/PrivateFrameworks/DesktopServicesPriv.framework/Versions/A/DesktopServicesPriv
0x000000000b2b8000 	/System/Library/Frameworks/Carbon.framework/Versions/A/Frameworks/HIToolbox.framework/Versions/A/HIToolbox
0x0000000105ecf000 	/System/Library/Frameworks/QuartzCore.framework/Versions/A/QuartzCore
0x000000000b2b8000 	/System/Library/Frameworks/Carbon.framework/Versions/A/Frameworks/SpeechRecognition.framework/Versions/A/SpeechRecognition
0x000000000b2b8000 	/usr/lib/libauto.dylib
0x000000000b2b8000 	/usr/lib/libicucore.A.dylib
0x000000000b2b8000 	/usr/lib/libxml2.2.dylib
0x000000000b2b8000 	/System/Library/PrivateFrameworks/CoreUI.framework/Versions/A/CoreUI
0x000000000b2b8000 	/System/Library/Frameworks/CoreAudio.framework/Versions/A/CoreAudio
0x000000000b2b8000 	/System/Library/Frameworks/DiskArbitration.framework/Versions/A/DiskArbitration
0x000000000b2b8000 	/usr/lib/liblangid.dylib
0x000000000b2b8000 	/System/Library/PrivateFrameworks/MultitouchSupport.framework/Versions/A/MultitouchSupport
0x0000000106144000 	/System/Library/Frameworks/IOKit.framework/Versions/A/IOKit
0x000000000b2b8000 	/usr/lib/libDiagnosticMessagesClient.dylib
0x000000000b2b8000 	/System/Library/Frameworks/CoreServices.framework/Versions/A/CoreServices
0x000000000b2b8000 	/System/Library/PrivateFrameworks/PerformanceAnalysis.framework/Versions/A/PerformanceAnalysis
0x000000000b2b8000 	/System/Library/PrivateFrameworks/GenerationalStorage.framework/Versions/A/GenerationalStorage
0x000000000b2b8000 	/System/Library/Frameworks/OpenGL.framework/Versions/A/OpenGL
0x000000000b2b8000 	/System/Library/PrivateFrameworks/Sharing.framework/Versions/A/Sharing
0x000000000b2b8000 	/System/Library/Frameworks/ImageIO.framework/Versions/A/ImageIO
0x000000000b2b8000 	/System/Library/Frameworks/CoreText.framework/Versions/A/CoreText
0x00000001061ec000 	/System/Library/Frameworks/CoreGraphics.framework/Versions/A/CoreGraphics
0x000000000b2b8000 	/System/Library/PrivateFrameworks/Backup.framework/Versions/A/Backup
0x0000000106c3b000 	/System/Library/Frameworks/CFNetwork.framework/Versions/A/CFNetwork
0x000000000b2b8000 	/System/Library/Frameworks/SystemConfiguration.framework/Versions/A/SystemConfiguration
0x000000000b2b8000 	/usr/lib/libCRFSuite.dylib
0x000000000b2b8000 	/usr/lib/libc++.1.dylib
0x000000000b2b8000 	/usr/lib/libc++abi.dylib
0x000000000b2b8000 	/usr/lib/system/libcache.dylib
0x000000000b2b8000 	/usr/lib/system/libcommonCrypto.dylib
0x000000000b2b8000 	/usr/lib/system/libcompiler_rt.dylib
0x000000000b2b8000 	/usr/lib/system/libcopyfile.dylib
0x000000000b2b8000 	/usr/lib/system/libcorecrypto.dylib
0x000000000b2b8000 	/usr/lib/system/libdispatch.dylib
0x000000000b2b8000 	/usr/lib/system/libdyld.dylib
0x000000000b2b8000 	/usr/lib/system/libkeymgr.dylib
0x000000000b2b8000 	/usr/lib/system/liblaunch.dylib
0x000000000b2b8000 	/usr/lib/system/libmacho.dylib
0x000000000b2b8000 	/usr/lib/system/libquarantine.dylib
0x000000000b2b8000 	/usr/lib/system/libremovefile.dylib
0x000000000b2b8000 	/usr/lib/system/libsystem_asl.dylib
0x000000000b2b8000 	/usr/lib/system/libsystem_blocks.dylib
0x000000000b2b8000 	/usr/lib/system/libsystem_c.dylib
0x000000000b2b8000 	/usr/lib/system/libsystem_configuration.dylib
0x000000000b2b8000 	/usr/lib/system/libsystem_dnssd.dylib
0x000000000b2b8000 	/usr/lib/system/libsystem_info.dylib
0x000000000b2b8000 	/usr/lib/system/libsystem_kernel.dylib
0x000000000b2b8000 	/usr/lib/system/libsystem_m.dylib
0x000000000b2b8000 	/usr/lib/system/libsystem_malloc.dylib
0x0000000106ee2000 	/usr/lib/system/libsystem_network.dylib
0x000000000b2b8000 	/usr/lib/system/libsystem_notify.dylib
0x000000000b2b8000 	/usr/lib/system/libsystem_platform.dylib
0x000000000b2b8000 	/usr/lib/system/libsystem_pthread.dylib
0x0000000106f27000 	/usr/lib/system/libsystem_sandbox.dylib
0x000000000b2b8000 	/usr/lib/system/libsystem_stats.dylib
0x000000000b2b8000 	/usr/lib/system/libunc.dylib
0x000000000b2b8000 	/usr/lib/system/libunwind.dylib
0x000000000b2b8000 	/usr/lib/system/libxpc.dylib
0x000000000b2b8000 	/usr/lib/libbsm.0.dylib
0x000000000b2b8000 	/usr/lib/libsqlite3.dylib
0x000000000b2b8000 	/usr/lib/libxar.1.dylib
0x000000000b2b8000 	/usr/lib/libpam.2.dylib
0x000000000b2b8000 	/usr/lib/libOpenScriptingUtil.dylib
0x000000000b2b8000 	/usr/lib/libbz2.1.0.dylib
0x000000000b2b8000 	/System/Library/Frameworks/CoreServices.framework/Versions/A/Frameworks/CarbonCore.framework/Versions/A/CarbonCore
0x0000000106732000 	/System/Library/Frameworks/CoreServices.framework/Versions/A/Frameworks/Metadata.framework/Versions/A/Metadata
0x000000000b2b8000 	/System/Library/Frameworks/CoreServices.framework/Versions/A/Frameworks/OSServices.framework/Versions/A/OSServices
0x000000000b2b8000 	/System/Library/Frameworks/CoreServices.framework/Versions/A/Frameworks/SearchKit.framework/Versions/A/SearchKit
0x0000000107029000 	/System/Library/Frameworks/CoreServices.framework/Versions/A/Frameworks/AE.framework/Versions/A/AE
0x00000001070b5000 	/System/Library/Frameworks/CoreServices.framework/Versions/A/Frameworks/LaunchServices.framework/Versions/A/LaunchServices
0x000000000b2b8000 	/System/Library/Frameworks/CoreServices.framework/Versions/A/Frameworks/DictionaryServices.framework/Versions/A/DictionaryServices
0x000000000b2b8000 	/System/Library/Frameworks/NetFS.framework/Versions/A/NetFS
0x00000001071f6000 	/usr/lib/system/libkxld.dylib
0x000000000b2b8000 	/System/Library/PrivateFrameworks/NetAuth.framework/Versions/A/NetAuth
0x000000000b2b8000 	/System/Library/PrivateFrameworks/TCC.framework/Versions/A/TCC
0x000000000b2b8000 	/System/Library/Frameworks/OpenDirectory.framework/Versions/A/Frameworks/CFOpenDirectory.framework/Versions/A/CFOpenDirectory
0x000000000b2b8000 	/System/Library/Frameworks/ServiceManagement.framework/Versions/A/ServiceManagement
0x000000000b2b8000 	/usr/lib/libxslt.1.dylib
0x000000000b2b8000 	/System/Library/Frameworks/Carbon.framework/Versions/A/Frameworks/Ink.framework/Versions/A/Ink
0x000000000b2b8000 	/System/Library/Frameworks/ApplicationServices.framework/Versions/A/Frameworks/ATS.framework/Versions/A/ATS
0x000000000b2b8000 	/System/Library/Frameworks/ApplicationServices.framework/Versions/A/Frameworks/ColorSync.framework/Versions/A/ColorSync
0x000000000b2b8000 	/System/Library/Frameworks/ApplicationServices.framework/Versions/A/Frameworks/HIServices.framework/Versions/A/HIServices
0x000000000b2b8000 	/System/Library/Frameworks/ApplicationServices.framework/Versions/A/Frameworks/LangAnalysis.framework/Versions/A/LangAnalysis
0x000000000b2b8000 	/System/Library/Frameworks/ApplicationServices.framework/Versions/A/Frameworks/PrintCore.framework/Versions/A/PrintCore
0x000000000b2b8000 	/System/Library/Frameworks/ApplicationServices.framework/Versions/A/Frameworks/QD.framework/Versions/A/QD
0x000000000b2b8000 	/System/Library/Frameworks/ApplicationServices.framework/Versions/A/Frameworks/SpeechSynthesis.framework/Versions/A/SpeechSynthesis
0x0000000107209000 	/System/Library/Frameworks/IOSurface.framework/Versions/A/IOSurface
0x000000000b2b8000 	/System/Library/Frameworks/Accelerate.framework/Versions/A/Accelerate
0x000000000b2b8000 	/System/Library/Frameworks/Accelerate.framework/Versions/A/Frameworks/vImage.framework/Versions/A/vImage
0x000000000b2b8000 	/System/Library/Frameworks/Accelerate.framework/Versions/A/Frameworks/vecLib.framework/Versions/A/vecLib
0x000000000b2b8000 	/System/Library/Frameworks/Accelerate.framework/Versions/A/Frameworks/vecLib.framework/Versions/A/libvDSP.dylib
0x000000000b2b8000 	/System/Library/Frameworks/Accelerate.framework/Versions/A/Frameworks/vecLib.framework/Versions/A/libvMisc.dylib
0x000000000b2b8000 	/System/Library/Frameworks/Accelerate.framework/Versions/A/Frameworks/vecLib.framework/Versions/A/libLAPACK.dylib
0x000000000b2b8000 	/System/Library/Frameworks/Accelerate.framework/Versions/A/Frameworks/vecLib.framework/Versions/A/libBLAS.dylib
0x0000000107217000 	/System/Library/Frameworks/ApplicationServices.framework/Versions/A/Frameworks/ATS.framework/Versions/A/Resources/libFontParser.dylib
0x000000010737f000 	/System/Library/Frameworks/ApplicationServices.framework/Versions/A/Frameworks/ATS.framework/Versions/A/Resources/libFontRegistry.dylib
0x00000001073ee000 	/System/Library/Frameworks/ImageIO.framework/Versions/A/Resources/libJPEG.dylib
0x0000000107421000 	/System/Library/Frameworks/ImageIO.framework/Versions/A/Resources/libTIFF.dylib
0x000000010748e000 	/System/Library/Frameworks/ImageIO.framework/Versions/A/Resources/libPng.dylib
0x00000001074b2000 	/System/Library/Frameworks/ImageIO.framework/Versions/A/Resources/libGIF.dylib
0x00000001074be000 	/System/Library/Frameworks/ImageIO.framework/Versions/A/Resources/libJP2.dylib
0x00000001075dc000 	/System/Library/Frameworks/ImageIO.framework/Versions/A/Resources/libRadiance.dylib
0x00000001075e7000 	/usr/lib/libcups.2.dylib
0x000000000b2b8000 	/System/Library/Frameworks/Kerberos.framework/Versions/A/Kerberos
0x0000000107643000 	/System/Library/Frameworks/GSS.framework/Versions/A/GSS
0x000000000b2b8000 	/usr/lib/libresolv.9.dylib
0x000000000b2b8000 	/usr/lib/libiconv.2.dylib
0x0000000107698000 	/System/Library/PrivateFrameworks/Heimdal.framework/Versions/A/Heimdal
0x000000000b2b8000 	/System/Library/PrivateFrameworks/TrustEvaluationAgent.framework/Versions/A/TrustEvaluationAgent
0x000000010772f000 	/usr/lib/libheimdal-asn1.dylib
0x000000000b2b8000 	/System/Library/Frameworks/OpenDirectory.framework/Versions/A/OpenDirectory
0x000000010773c000 	/System/Library/PrivateFrameworks/CommonAuth.framework/Versions/A/CommonAuth
0x000000000b2b8000 	/System/Library/Frameworks/SecurityFoundation.framework/Versions/A/SecurityFoundation
0x000000000b2b8000 	/System/Library/PrivateFrameworks/Bom.framework/Versions/A/Bom
0x000000000b2b8000 	/System/Library/Frameworks/CoreVideo.framework/Versions/A/CoreVideo
0x000000000b2b8000 	/System/Library/Frameworks/QuartzCore.framework/Versions/A/Frameworks/CoreImage.framework/Versions/A/CoreImage
0x000000000b2b8000 	/System/Library/Frameworks/QuartzCore.framework/Versions/A/Frameworks/ScalableUserInterface.framework/Versions/A/ScalableUserInterface
0x000000000b2b8000 	/System/Library/Frameworks/OpenGL.framework/Versions/A/Libraries/libGLU.dylib
0x000000000b2b8000 	/System/Library/Frameworks/OpenGL.framework/Versions/A/Libraries/libGFXShared.dylib
0x000000000b2b8000 	/System/Library/Frameworks/OpenGL.framework/Versions/A/Libraries/libGL.dylib
0x000000000b2b8000 	/System/Library/Frameworks/OpenGL.framework/Versions/A/Libraries/libGLImage.dylib
0x000000000b2b8000 	/System/Library/Frameworks/OpenGL.framework/Versions/A/Libraries/libCVMSPluginSupport.dylib
0x000000000b2b8000 	/System/Library/Frameworks/OpenGL.framework/Versions/A/Libraries/libCoreVMClient.dylib
0x000000000b2b8000 	/System/Library/PrivateFrameworks/FaceCore.framework/Versions/A/FaceCore
0x000000000b2b8000 	/System/Library/PrivateFrameworks/CrashReporterSupport.framework/Versions/A/CrashReporterSupport
0x000000000b2b8000 	/System/Library/Frameworks/OpenCL.framework/Versions/A/OpenCL
0x000000000b2b8000 	/System/Library/PrivateFrameworks/AppleFSCompression.framework/Versions/A/AppleFSCompression
0x000000000b2b8000 	/System/Library/PrivateFrameworks/Ubiquity.framework/Versions/A/Ubiquity
0x000000000b2b8000 	/System/Library/PrivateFrameworks/IconServices.framework/Versions/A/IconServices
0x000000000b2b8000 	/System/Library/PrivateFrameworks/ChunkingLibrary.framework/Versions/A/ChunkingLibrary
0x0000000107753000 	/System/Library/PrivateFrameworks/CoreSymbolication.framework/Versions/A/CoreSymbolication
0x000000000b2b8000 	/System/Library/PrivateFrameworks/Symbolication.framework/Versions/A/Symbolication
0x000000000b2b8000 	/System/Library/PrivateFrameworks/DebugSymbols.framework/Versions/A/DebugSymbols
0x0000000108a00000 	/Library/Java/JavaVirtualMachines/jdk1.7.0_55.jdk/Contents/Home/jre/lib/server/libjvm.dylib
0x000000000b2b8000 	/usr/lib/libstdc++.6.dylib
0x0000000107917000 	/Library/Java/JavaVirtualMachines/jdk1.7.0_55.jdk/Contents/Home/jre/lib/libverify.dylib
0x0000000107924000 	/Library/Java/JavaVirtualMachines/jdk1.7.0_55.jdk/Contents/Home/jre/lib/libjava.dylib
0x000000010795c000 	/Library/Java/JavaVirtualMachines/jdk1.7.0_55.jdk/Contents/Home/jre/lib/libzip.dylib
0x00000001079e6000 	/System/Library/Frameworks/JavaVM.framework/Frameworks/JavaRuntimeSupport.framework/JavaRuntimeSupport
0x0000000112027000 	/System/Library/Frameworks/JavaVM.framework/Versions/A/Frameworks/JavaNativeFoundation.framework/Versions/A/JavaNativeFoundation
0x000000011203b000 	/System/Library/Frameworks/JavaVM.framework/Versions/A/JavaVM
0x000000000b2b8000 	/System/Library/Frameworks/Carbon.framework/Versions/A/Carbon
0x0000000112047000 	/System/Library/PrivateFrameworks/JavaLaunching.framework/Versions/A/JavaLaunching
0x000000000b2b8000 	/System/Library/Frameworks/Carbon.framework/Versions/A/Frameworks/CommonPanels.framework/Versions/A/CommonPanels
0x000000000b2b8000 	/System/Library/Frameworks/Carbon.framework/Versions/A/Frameworks/Help.framework/Versions/A/Help
0x000000000b2b8000 	/System/Library/Frameworks/Carbon.framework/Versions/A/Frameworks/ImageCapture.framework/Versions/A/ImageCapture
0x000000000b2b8000 	/System/Library/Frameworks/Carbon.framework/Versions/A/Frameworks/OpenScripting.framework/Versions/A/OpenScripting
0x000000000b2b8000 	/System/Library/Frameworks/Carbon.framework/Versions/A/Frameworks/Print.framework/Versions/A/Print
0x000000000b2b8000 	/System/Library/Frameworks/Carbon.framework/Versions/A/Frameworks/SecurityHI.framework/Versions/A/SecurityHI
0x0000000112a5e000 	/Library/Java/JavaVirtualMachines/jdk1.7.0_55.jdk/Contents/Home/jre/lib/libnet.dylib
0x0000000112abb000 	/Library/Java/JavaVirtualMachines/jdk1.7.0_55.jdk/Contents/Home/jre/lib/libnio.dylib
0x0000000112bbd000 	/Library/Java/JavaVirtualMachines/jdk1.7.0_55.jdk/Contents/Home/jre/lib/libmanagement.dylib
0x00000001128f1000 	/Users/ytian/Applications/elasticsearch-1.5.2/lib/sigar/libsigar-universal64-macosx.dylib

VM Arguments:
jvm_args: -Xms256m -Xmx1g -Djava.awt.headless=true -XX:+UseParNewGC -XX:+UseConcMarkSweepGC -XX:CMSInitiatingOccupancyFraction=75 -XX:+UseCMSInitiatingOccupancyOnly -XX:+HeapDumpOnOutOfMemoryError -XX:+DisableExplicitGC -Dfile.encoding=UTF-8 -Delasticsearch -Des.foreground=yes -Des.path.home=/Users/ytian/Applications/elasticsearch-1.5.2 
java_command: org.elasticsearch.bootstrap.Elasticsearch
Launcher Type: SUN_STANDARD

Environment Variables:
PATH=/Users/ytian/.nvm/versions/io.js/v1.8.1/lib/node_modules/npm/bin/node-gyp-bin:/Users/ytian/Git/nodebnb/BackEnd/node_modules/.bin:/Users/ytian/Applications/elasticsearch-1.5.2/bin:/Users/ytian/Applications/play-2.1.4:/Users/ytian/.nvm/versions/io.js/v1.8.1/bin:/usr/local/bin:/usr/bin:/bin:/usr/sbin:/sbin:/usr/local/bin
SHELL=/bin/bash

Signal Handlers:
SIGSEGV: [libjvm.dylib+0x5253e5], sa_mask[0]=0xfffefeff, sa_flags=0x00000043
SIGBUS: [libjvm.dylib+0x5253e5], sa_mask[0]=0xfffefeff, sa_flags=0x00000042
SIGFPE: [libjvm.dylib+0x4188a2], sa_mask[0]=0xfffefeff, sa_flags=0x00000042
SIGPIPE: [libjvm.dylib+0x4188a2], sa_mask[0]=0xfffefeff, sa_flags=0x00000042
SIGXFSZ: [libjvm.dylib+0x4188a2], sa_mask[0]=0xfffefeff, sa_flags=0x00000042
SIGILL: [libjvm.dylib+0x4188a2], sa_mask[0]=0xfffefeff, sa_flags=0x00000042
SIGUSR1: SIG_DFL, sa_mask[0]=0xfffefeff, sa_flags=0x00000000
SIGUSR2: [libjvm.dylib+0x418394], sa_mask[0]=0x00000000, sa_flags=0x00000042
SIGHUP: [libjvm.dylib+0x416623], sa_mask[0]=0xfffefeff, sa_flags=0x00000042
SIGINT: [libjvm.dylib+0x416623], sa_mask[0]=0xfffefeff, sa_flags=0x00000042
SIGTERM: [libjvm.dylib+0x416623], sa_mask[0]=0xfffefeff, sa_flags=0x00000042
SIGQUIT: [libjvm.dylib+0x416623], sa_mask[0]=0xfffefeff, sa_flags=0x00000042


---------------  S Y S T E M  ---------------

OS:Bsduname:Darwin 13.4.0 Darwin Kernel Version 13.4.0: Wed Mar 18 16:20:14 PDT 2015; root:xnu-2422.115.14~1/RELEASE_X86_64 x86_64
rlimit: STACK 8192k, CORE 0k, NPROC 709, NOFILE 10240, AS infinity
load average:1.82 1.68 1.82

CPU:total 8 (4 cores per cpu, 2 threads per core) family 6 model 58 stepping 9, cmov, cx8, fxsr, mmx, sse, sse2, sse3, ssse3, sse4.1, sse4.2, popcnt, avx, aes, erms, ht, tsc, tscinvbit, tscinv

Memory: 4k page, physical 16777216k(4194304k free)

/proc/meminfo:


vm_info: Java HotSpot(TM) 64-Bit Server VM (24.55-b03) for bsd-amd64 JRE (1.7.0_55-b13), built on Mar 17 2014 19:40:08 by "java_re" with gcc 4.2.1 (Based on Apple Inc. build 5658) (LLVM build 2336.11.00)

time: Wed Jun  3 16:42:26 2015
elapsed time: 6 seconds

